<?xml version="1.0" encoding="UTF-8"?>
<!-- Generated by org.testng.reporters.JUnitReportReporter -->
<testsuite hostname="LAPTOP-VUOCFE91" failures="0" tests="3" name="runner.OrdersRunner" time="0.140" errors="0" timestamp="2023-06-12T13:15:08 IST" skipped="0">
  <testcase classname="runner.OrdersRunner" name="runScenario" time="0.010"/>
  <system-out/>
  <testcase classname="runner.OrdersRunner" name="runScenario" time="0.110"/>
  <system-out/>
  <testcase classname="runner.OrdersRunner" name="runScenario" time="0.020"/>
  <system-out/>
</testsuite> <!-- runner.OrdersRunner -->
