<?xml version="1.0" encoding="UTF-8"?>
<!-- Generated by org.testng.reporters.JUnitReportReporter -->
<testsuite hostname="LAPTOP-VUOCFE91" failures="0" tests="1" name="runner.LoginWithDataRunner" time="0.119" errors="0" timestamp="2023-06-12T11:17:34 IST" skipped="0">
  <testcase classname="runner.LoginWithDataRunner" name="runScenario" time="0.119"/>
  <system-out/>
</testsuite> <!-- runner.LoginWithDataRunner -->
