<?xml version="1.0" encoding="UTF-8"?>
<!-- Generated by org.testng.reporters.JUnitReportReporter -->
<testsuite hostname="LAPTOP-VUOCFE91" failures="0" tests="1" name="runner.CampaignRunner" time="0.314" errors="0" timestamp="2023-06-26T11:44:43 IST" skipped="0">
  <testcase classname="runner.CampaignRunner" name="runScenario" time="0.314"/>
  <system-out/>
</testsuite> <!-- runner.CampaignRunner -->
