<?xml version="1.0" encoding="UTF-8"?>
<!-- Generated by org.testng.reporters.JUnitReportReporter -->
<testsuite hostname="LAPTOP-VUOCFE91" failures="0" tests="3" name="runner.ProfilePictureRunner" time="0.552" errors="0" timestamp="2023-06-25T18:09:47 IST" skipped="0">
  <testcase classname="runner.ProfilePictureRunner" name="runScenario" time="0.028"/>
  <system-out/>
  <testcase classname="runner.ProfilePictureRunner" name="runScenario" time="0.049"/>
  <system-out/>
  <testcase classname="runner.ProfilePictureRunner" name="runScenario" time="0.475"/>
  <system-out/>
</testsuite> <!-- runner.ProfilePictureRunner -->
