<?xml version="1.0" encoding="UTF-8"?>
<!-- Generated by org.testng.reporters.JUnitReportReporter -->
<testsuite hostname="LAPTOP-VUOCFE91" failures="0" tests="2" name="runner.BackgroundWithScenerioOutlineRunner" time="0.137" errors="0" timestamp="2023-06-25T14:07:18 IST" skipped="0">
  <testcase classname="runner.BackgroundWithScenerioOutlineRunner" name="runScenario" time="0.017"/>
  <system-out/>
  <testcase classname="runner.BackgroundWithScenerioOutlineRunner" name="runScenario" time="0.120"/>
  <system-out/>
</testsuite> <!-- runner.BackgroundWithScenerioOutlineRunner -->
