<?xml version="1.0" encoding="UTF-8"?>
<!-- Generated by org.testng.reporters.JUnitReportReporter -->
<testsuite hostname="LAPTOP-VUOCFE91" failures="0" tests="1" name="runner.RegistrationRunner" time="0.261" errors="0" timestamp="2023-06-19T00:06:57 IST" skipped="0">
  <testcase classname="runner.RegistrationRunner" name="runScenario" time="0.261"/>
  <system-out/>
</testsuite> <!-- runner.RegistrationRunner -->
