<?xml version="1.0" encoding="UTF-8"?>
<!-- Generated by org.testng.reporters.JUnitReportReporter -->
<testsuite hostname="LAPTOP-VUOCFE91" failures="0" tests="2" name="runner.LoginRunner" time="0.115" errors="0" timestamp="2023-06-12T10:42:29 IST" skipped="0">
  <testcase classname="runner.LoginRunner" name="runScenario" time="0.103"/>
  <system-out/>
  <testcase classname="runner.LoginRunner" name="runScenario" time="0.012"/>
  <system-out/>
</testsuite> <!-- runner.LoginRunner -->
